<?xml version="1.0" encoding="UTF-8"?>
<!-- Generated by org.testng.reporters.JUnitReportReporter -->
<testsuite hostname="Madhu_Sudhakar" failures="0" tests="1" name="utility.Base" time="28.721" errors="0" timestamp="2024-07-13T11:55:24 IST" skipped="0">
  <testcase classname="utility.Base" name="startDriver" time="28.721"/>
</testsuite> <!-- utility.Base -->
