<?xml version="1.0" encoding="UTF-8"?>
<!-- Generated by org.testng.reporters.JUnitReportReporter -->
<testsuite hostname="Madhu_Sudhakar" failures="0" tests="1" name="utility.Base" time="16.943" errors="0" timestamp="2024-07-07T01:59:05 IST" skipped="0">
  <testcase classname="utility.Base" name="startDriver" time="16.943"/>
</testsuite> <!-- utility.Base -->
