<?xml version="1.0" encoding="UTF-8"?>
<!-- Generated by org.testng.reporters.JUnitReportReporter -->
<testsuite hostname="Madhu_Sudhakar" failures="0" tests="4" name="TestProject.TestApp.Application" time="14.204" errors="0" timestamp="2024-07-19T14:04:22 IST" skipped="0">
  <testcase classname="TestProject.TestApp.Application" name="animation" time="3.112"/>
  <testcase classname="TestProject.TestApp.Application" name="app" time="4.312"/>
  <testcase classname="TestProject.TestApp.Application" name="demo" time="3.460"/>
  <testcase classname="TestProject.TestApp.Application" name="openApp" time="3.320"/>
</testsuite> <!-- TestProject.TestApp.Application -->
